Flutter crash report.
Please report a bug at https://github.com/flutter/flutter/issues.

## command

flutter analyze --no-version-check

## exception

PathNotFoundException: PathNotFoundException: Directory listing failed, path = '/tmp/flutter_wrapper_sftp_browser/dev/' (OS Error: No such file or directory, errno = 2)

```
#0      _Directory._fillWithDirectoryListing (dart:io-patch/directory_patch.dart:49:4)
#1      _Directory.listSync (dart:io/directory_impl.dart:274:5)
#2      ForwardingDirectory.listSync (package:file/src/forwarding/forwarding_directory.dart:43:12)
#3      ForwardingDirectory.listSync (package:file/src/forwarding/forwarding_directory.dart:43:12)
#4      FlutterCommandRunner._gatherProjectPaths (package:flutter_tools/src/runner/flutter_command_runner.dart:524:40)
#5      FlutterCommandRunner.getRepoPackages.<anonymous closure> (package:flutter_tools/src/runner/flutter_command_runner.dart:513:42)
#6      ExpandIterator.moveNext (dart:_internal/iterable.dart:510:31)
#7      MappedIterator.moveNext (dart:_internal/iterable.dart:419:19)
#8      new _GrowableList._ofOther (dart:core-patch/growable_array.dart:203:26)
#9      new _GrowableList.of (dart:core-patch/growable_array.dart:152:26)
#10     new List.of (dart:core-patch/array_patch.dart:40:18)
#11     Iterable.toList (dart:core/iterable.dart:499:7)
#12     FlutterCommandRunner.getRepoPackages (package:flutter_tools/src/runner/flutter_command_runner.dart:515:10)
#13     AnalyzeCommand.runCommand (package:flutter_tools/src/commands/analyze.dart:390:17)
#14     FlutterCommand.verifyThenRunCommand (package:flutter_tools/src/runner/flutter_command.dart:1938:12)
<asynchronous suspension>
#15     FlutterCommand.run.<anonymous closure> (package:flutter_tools/src/runner/flutter_command.dart:1558:27)
<asynchronous suspension>
#16     AppContext.run.<anonymous closure> (package:flutter_tools/src/base/context.dart:154:19)
<asynchronous suspension>
#17     CommandRunner.runCommand (package:args/command_runner.dart:212:13)
<asynchronous suspension>
#18     FlutterCommandRunner.runCommand.<anonymous closure> (package:flutter_tools/src/runner/flutter_command_runner.dart:496:9)
<asynchronous suspension>
#19     AppContext.run.<anonymous closure> (package:flutter_tools/src/base/context.dart:154:19)
<asynchronous suspension>
#20     FlutterCommandRunner.runCommand (package:flutter_tools/src/runner/flutter_command_runner.dart:431:5)
<asynchronous suspension>
#21     run.<anonymous closure>.<anonymous closure> (package:flutter_tools/runner.dart:98:11)
<asynchronous suspension>
#22     AppContext.run.<anonymous closure> (package:flutter_tools/src/base/context.dart:154:19)
<asynchronous suspension>
#23     main (package:flutter_tools/executable.dart:99:3)
<asynchronous suspension>
```

## flutter doctor

```
[!] Flutter (Channel stable, 3.29.1, on Ubuntu 24.04.3 LTS 6.14.0-33-generic, locale C.UTF-8) [25ms]
    • Flutter version 3.29.1 on channel stable at /tmp/flutter_wrapper_sftp_browser
    ! Warning: `flutter` on your path resolves to /home/will/workspace/flutter/bin/flutter, which is not inside your current Flutter SDK checkout at /tmp/flutter_wrapper_sftp_browser. Consider adding /tmp/flutter_wrapper_sftp_browser/bin to the front of your path.
    ! Warning: `dart` on your path resolves to /home/will/workspace/flutter/bin/dart, which is not inside your current Flutter SDK checkout at /tmp/flutter_wrapper_sftp_browser. Consider adding /tmp/flutter_wrapper_sftp_browser/bin to the front of your path.
    • Upstream repository https://github.com/flutter/flutter.git
    • Framework revision 09de023485 (1 year ago), 2025-02-28 13:44:05 -0800
    • Engine revision 871f65ac1b
    • Dart version 3.7.0
    • DevTools version 2.42.2
    • If those were intentional, you can disregard the above warnings; however it is recommended to use "git" directly to perform update checks and upgrades.

[✗] Android toolchain - develop for Android devices [11ms]
    ✗ Unable to locate Android SDK.
      Install Android Studio from: https://developer.android.com/studio/index.html
      On first launch it will assist you in installing the Android SDK components.
      (or visit https://flutter.dev/to/linux-android-setup for detailed instructions).
      If the Android SDK has been installed to a custom location, please use
      `flutter config --android-sdk` to update to that location.


[✓] Chrome - develop for the web [6ms]
    • Chrome at google-chrome

[✗] Linux toolchain - develop for Linux desktop [54ms]
    ✗ clang++ is required for Linux development.
      It is likely available from your distribution (e.g.: apt install clang), or can be downloaded from https://releases.llvm.org/
    • cmake version 3.28.3
    ✗ ninja is required for Linux development.
      It is likely available from your distribution (e.g.: apt install ninja-build), or can be downloaded from https://github.com/ninja-build/ninja/releases
    • pkg-config version 1.8.1
    ✗ GTK 3.0 development libraries are required for Linux development.
      They are likely available from your distribution (e.g.: apt install libgtk-3-dev)

[!] Android Studio (not installed) [4ms]
    • Android Studio not found; download from https://developer.android.com/studio/index.html
      (or visit https://flutter.dev/to/linux-android-setup for detailed instructions).

[✓] Connected device (2 available) [41ms]
    • Linux (desktop) • linux  • linux-x64      • Ubuntu 24.04.3 LTS 6.14.0-33-generic
    • Chrome (web)    • chrome • web-javascript • Google Chrome 144.0.7559.132

[!] Network resources [20ms]
    ✗ A network error occurred while checking "https://pub.dev/": Failed host lookup: 'pub.dev'
    ✗ A network error occurred while checking "https://storage.googleapis.com/": Failed host lookup: 'storage.googleapis.com'
    ✗ A network error occurred while checking "https://maven.google.com/": Failed host lookup: 'maven.google.com'
    ✗ A network error occurred while checking "https://cocoapods.org/": Failed host lookup: 'cocoapods.org'
    ✗ A network error occurred while checking "https://github.com/": Failed host lookup: 'github.com'

! Doctor found issues in 5 categories.
```
