Flutter crash report.
Please report a bug at https://github.com/flutter/flutter/issues.

## command

flutter analyze --no-version-check

## exception

_Exception: Exception: analysis server exited with code 255 and output:
[stderr] Unhandled exception:
[stderr] PathAccessException: Creation failed, path = '/home/will/.dartServer' (OS Error: Permission denied, errno = 13)
[stderr] #0      _Directory.createSync (dart:io/directory_impl.dart:146:7)
[stderr] #1      _Directory.createSync (dart:io/directory_impl.dart:141:16)
[stderr] #2      PhysicalResourceProvider.getStateLocation (package:analyzer/file_system/physical_file_system.dart:79:17)
[stderr] #3      Driver._readUuid (package:analysis_server/src/server/driver.dart:682:10)
[stderr] #4      Driver.start (package:analysis_server/src/server/driver.dart:296:13)
[stderr] #5      main (file:///b/s/w/ir/x/w/sdk/pkg/analysis_server/bin/server.dart:10:11)
[stderr] #6      _delayEntrypointInvocation.<anonymous closure> (dart:isolate-patch/isolate_patch.dart:313:33)
[stderr] #7      _RawReceivePort._handleMessage (dart:isolate-patch/isolate_patch.dart:194:12)

```
```

## flutter doctor

```
[!] Flutter (Channel stable, 3.29.1, on Ubuntu 24.04.3 LTS 6.14.0-33-generic, locale C.UTF-8) [24ms]
    • Flutter version 3.29.1 on channel stable at /tmp/flutter_wrapper_sftp_browser
    ! Warning: `flutter` on your path resolves to /home/will/workspace/flutter/bin/flutter, which is not inside your current Flutter SDK checkout at /tmp/flutter_wrapper_sftp_browser. Consider adding /tmp/flutter_wrapper_sftp_browser/bin to the front of your path.
    ! Warning: `dart` on your path resolves to /home/will/workspace/flutter/bin/dart, which is not inside your current Flutter SDK checkout at /tmp/flutter_wrapper_sftp_browser. Consider adding /tmp/flutter_wrapper_sftp_browser/bin to the front of your path.
    • Upstream repository https://github.com/flutter/flutter.git
    • Framework revision 09de023485 (1 year ago), 2025-02-28 13:44:05 -0800
    • Engine revision 871f65ac1b
    • Dart version 3.7.0
    • DevTools version 2.42.2
    • If those were intentional, you can disregard the above warnings; however it is recommended to use "git" directly to perform update checks and upgrades.

[✗] Android toolchain - develop for Android devices [11ms]
    ✗ Unable to locate Android SDK.
      Install Android Studio from: https://developer.android.com/studio/index.html
      On first launch it will assist you in installing the Android SDK components.
      (or visit https://flutter.dev/to/linux-android-setup for detailed instructions).
      If the Android SDK has been installed to a custom location, please use
      `flutter config --android-sdk` to update to that location.


[✓] Chrome - develop for the web [6ms]
    • Chrome at google-chrome

[✗] Linux toolchain - develop for Linux desktop [29ms]
    ✗ clang++ is required for Linux development.
      It is likely available from your distribution (e.g.: apt install clang), or can be downloaded from https://releases.llvm.org/
    • cmake version 3.28.3
    ✗ ninja is required for Linux development.
      It is likely available from your distribution (e.g.: apt install ninja-build), or can be downloaded from https://github.com/ninja-build/ninja/releases
    • pkg-config version 1.8.1
    ✗ GTK 3.0 development libraries are required for Linux development.
      They are likely available from your distribution (e.g.: apt install libgtk-3-dev)

[!] Android Studio (not installed) [4ms]
    • Android Studio not found; download from https://developer.android.com/studio/index.html
      (or visit https://flutter.dev/to/linux-android-setup for detailed instructions).

[✓] Connected device (2 available) [35ms]
    • Linux (desktop) • linux  • linux-x64      • Ubuntu 24.04.3 LTS 6.14.0-33-generic
    • Chrome (web)    • chrome • web-javascript • Google Chrome 144.0.7559.132

[!] Network resources [16ms]
    ✗ A network error occurred while checking "https://pub.dev/": Failed host lookup: 'pub.dev'
    ✗ A network error occurred while checking "https://storage.googleapis.com/": Failed host lookup: 'storage.googleapis.com'
    ✗ A network error occurred while checking "https://maven.google.com/": Failed host lookup: 'maven.google.com'
    ✗ A network error occurred while checking "https://cocoapods.org/": Failed host lookup: 'cocoapods.org'
    ✗ A network error occurred while checking "https://github.com/": Failed host lookup: 'github.com'

! Doctor found issues in 5 categories.
```
